2015/07/29 15:20:52 にビルドを開始しました。
     1>ノード 2 上のプロジェクト "U:\Visual Studio 2013\Projects\Pro\OpenCV\OpenCV.vcxproj" (Build ターゲット)。
     1>ClCompile:
         C:\Program Files (x86)\Microsoft Visual Studio 12.0\VC\bin\CL.exe /c /ZI /nologo /W3 /WX- /sdl /Od /Oy- /D WIN32 /D _DEBUG /D _CONSOLE /D _LIB /D _UNICODE /D UNICODE /Gm /EHsc /RTC1 /MDd /GS /fp:precise /Zc:wchar_t /Zc:forScope /Yu"stdafx.h" /Fp"Debug\OpenCV.pch" /Fo"Debug\\" /Fd"Debug\vc120.pdb" /Gd /TP /analyze- /errorReport:prompt KinectPacman.cpp OpenCV.cpp
         KinectPacman.cpp
     1>u:\visual studio 2013\projects\pro\opencv\kinectcontrol.h(116): warning C4244: '=' : 'USHORT' から 'UCHAR' への変換です。データが失われる可能性があります。
     1>u:\visual studio 2013\projects\pro\opencv\kinectcontrol.h(138): warning C4244: '引数' : 'LONG' から 'float' への変換です。データが失われる可能性があります。
     1>u:\visual studio 2013\projects\pro\opencv\kinectcontrol.h(149): warning C4244: '引数' : 'float' から 'int' への変換です。データが失われる可能性があります。
     1>u:\visual studio 2013\projects\pro\opencv\kinectpacman.h(35): warning C4244: '=' : 'float' から 'int' への変換です。データが失われる可能性があります。
     1>u:\visual studio 2013\projects\pro\opencv\kinectpacman.h(36): warning C4244: '=' : 'float' から 'int' への変換です。データが失われる可能性があります。
     1>u:\visual studio 2013\projects\pro\opencv\kinectpacman.h(85): warning C4244: '初期化中' : 'double' から 'int' への変換です。データが失われる可能性があります。
     1>u:\visual studio 2013\projects\pro\opencv\kinectpacman.h(86): warning C4244: '初期化中' : 'double' から 'int' への変換です。データが失われる可能性があります。
         コードを生成中...
         コンパイル中...
         OpenCV.cpp
     1>u:\visual studio 2013\projects\pro\opencv\field.h(63): warning C4018: '<' : signed と unsigned の数値を比較しようとしました。
     1>u:\visual studio 2013\projects\pro\opencv\field.h(64): warning C4018: '<' : signed と unsigned の数値を比較しようとしました。
     1>u:\visual studio 2013\projects\pro\opencv\field.h(71): warning C4018: '<' : signed と unsigned の数値を比較しようとしました。
     1>u:\visual studio 2013\projects\pro\opencv\field.h(72): warning C4018: '<' : signed と unsigned の数値を比較しようとしました。
     1>u:\visual studio 2013\projects\pro\opencv\character.h(56): warning C4018: '>=' : signed と unsigned の数値を比較しようとしました。
     1>u:\visual studio 2013\projects\pro\opencv\enemycharacter.h(21): warning C4018: '<' : signed と unsigned の数値を比較しようとしました。
     1>u:\visual studio 2013\projects\pro\opencv\pacman.h(53): warning C4018: '<' : signed と unsigned の数値を比較しようとしました。
     1>u:\visual studio 2013\projects\pro\opencv\pacman.h(64): warning C4018: '<' : signed と unsigned の数値を比較しようとしました。
     1>u:\visual studio 2013\projects\pro\opencv\pacman.h(69): warning C4018: '<' : signed と unsigned の数値を比較しようとしました。
     1>u:\visual studio 2013\projects\pro\opencv\kinectcontrol.h(116): warning C4244: '=' : 'USHORT' から 'UCHAR' への変換です。データが失われる可能性があります。
     1>u:\visual studio 2013\projects\pro\opencv\kinectcontrol.h(138): warning C4244: '引数' : 'LONG' から 'float' への変換です。データが失われる可能性があります。
     1>u:\visual studio 2013\projects\pro\opencv\kinectcontrol.h(149): warning C4244: '引数' : 'float' から 'int' への変換です。データが失われる可能性があります。
     1>u:\visual studio 2013\projects\pro\opencv\kinectpacman.h(35): warning C4244: '=' : 'float' から 'int' への変換です。データが失われる可能性があります。
     1>u:\visual studio 2013\projects\pro\opencv\kinectpacman.h(36): warning C4244: '=' : 'float' から 'int' への変換です。データが失われる可能性があります。
     1>u:\visual studio 2013\projects\pro\opencv\kinectpacman.h(85): warning C4244: '初期化中' : 'double' から 'int' への変換です。データが失われる可能性があります。
     1>u:\visual studio 2013\projects\pro\opencv\kinectpacman.h(86): warning C4244: '初期化中' : 'double' から 'int' への変換です。データが失われる可能性があります。
         コードを生成中...
     1>u:\visual studio 2013\projects\pro\opencv\kinectcontrol.h(74): warning C4715: 'KinectControl::start' : 値を返さないコントロール パスがあります。
       Link:
         C:\Program Files (x86)\Microsoft Visual Studio 12.0\VC\bin\link.exe /ERRORREPORT:PROMPT /OUT:"U:\Visual Studio 2013\Projects\Pro\Debug\OpenCV.exe" /INCREMENTAL /NOLOGO opencv_core2410d.lib opencv_imgproc2410d.lib opencv_highgui2410d.lib opencv_objdetect2410d.lib Kinect10.lib kernel32.lib user32.lib gdi32.lib winspool.lib comdlg32.lib advapi32.lib shell32.lib ole32.lib oleaut32.lib uuid.lib odbc32.lib odbccp32.lib /MANIFEST /MANIFESTUAC:"level='asInvoker' uiAccess='false'" /manifest:embed /DEBUG /PDB:"U:\Visual Studio 2013\Projects\Pro\Debug\OpenCV.pdb" /SUBSYSTEM:CONSOLE /TLBID:1 /DYNAMICBASE /NXCOMPAT /IMPLIB:"U:\Visual Studio 2013\Projects\Pro\Debug\OpenCV.lib" /MACHINE:X86 Debug\Character.obj
         Debug\EnemyCharacter.obj
         Debug\Field.obj
         Debug\JointData.obj
         Debug\KinectControl.obj
         Debug\KinectPacman.obj
         Debug\KinectSample.obj
         Debug\OpenCV.obj
         Debug\Pacman.obj
         Debug\Player.obj
         Debug\stdafx.obj
         OpenCV.vcxproj -> U:\Visual Studio 2013\Projects\Pro\Debug\OpenCV.exe
     1>プロジェクト "U:\Visual Studio 2013\Projects\Pro\OpenCV\OpenCV.vcxproj" (Build ターゲット) のビルドが完了しました。

ビルドに成功しました。

経過時間 00:00:07.10
